<?xml version="1.0" encoding="utf-8"?><testsuites name="pytest tests"><testsuite name="pytest" errors="0" failures="0" skipped="0" tests="26" time="3.334" timestamp="2026-06-08T12:48:13.171922+00:00" hostname="agent-env-a1286505-890e-47ce-85d5-090b7d75dc80"><testcase classname="backend.tests.backend_test.TestHealth" name="test_health_ok" time="0.134" /><testcase classname="backend.tests.backend_test.TestAuth" name="test_register_new_customer" time="0.282" /><testcase classname="backend.tests.backend_test.TestAuth" name="test_register_duplicate_email" time="0.054" /><testcase classname="backend.tests.backend_test.TestAuth" name="test_login_admin" time="0.279" /><testcase classname="backend.tests.backend_test.TestAuth" name="test_login_customer" time="0.277" /><testcase classname="backend.tests.backend_test.TestAuth" name="test_login_wrong_password" time="0.285" /><testcase classname="backend.tests.backend_test.TestAuth" name="test_me_with_token" time="0.055" /><testcase classname="backend.tests.backend_test.TestAuth" name="test_me_without_token" time="0.133" /><testcase classname="backend.tests.backend_test.TestVehicles" name="test_customer_sees_three_seeded_vehicles" time="0.054" /><testcase classname="backend.tests.backend_test.TestVehicles" name="test_admin_sees_all_vehicles" time="0.113" /><testcase classname="backend.tests.backend_test.TestVehicles" name="test_create_vehicle_uppercases_plate" time="0.111" /><testcase classname="backend.tests.backend_test.TestVehicles" name="test_delete_vehicle" time="0.105" /><testcase classname="backend.tests.backend_test.TestAppointments" name="test_customer_appointments_seeded" time="0.060" /><testcase classname="backend.tests.backend_test.TestAppointments" name="test_create_appointment_for_existing_vehicle" time="0.122" /><testcase classname="backend.tests.backend_test.TestAppointments" name="test_create_appointment_nonexistent_vehicle" time="0.059" /><testcase classname="backend.tests.backend_test.TestAppointments" name="test_customer_can_cancel" time="0.058" /><testcase classname="backend.tests.backend_test.TestAppointments" name="test_customer_cannot_set_other_status" time="0.060" /><testcase classname="backend.tests.backend_test.TestAppointments" name="test_admin_can_change_status" time="0.057" /><testcase classname="backend.tests.backend_test.TestServiceRecords" name="test_customer_sees_six_seeded_records" time="0.058" /><testcase classname="backend.tests.backend_test.TestServiceRecords" name="test_filter_by_vehicle" time="0.118" /><testcase classname="backend.tests.backend_test.TestServiceRecords" name="test_customer_cannot_create_service_record" time="0.112" /><testcase classname="backend.tests.backend_test.TestServiceRecords" name="test_admin_can_create_service_record" time="0.109" /><testcase classname="backend.tests.backend_test.TestAdmin" name="test_admin_customers_requires_admin" time="0.054" /><testcase classname="backend.tests.backend_test.TestAdmin" name="test_admin_customers_list" time="0.057" /><testcase classname="backend.tests.backend_test.TestAdmin" name="test_admin_stats" time="0.064" /><testcase classname="backend.tests.backend_test.TestAdmin" name="test_admin_stats_forbidden_for_customer" time="0.382" /></testsuite></testsuites>