<?xml version="1.0" encoding="utf-8"?><testsuites name="pytest tests"><testsuite name="pytest" errors="0" failures="1" skipped="0" tests="28" time="2.944" timestamp="2026-06-08T12:47:52.804027+00:00" hostname="agent-env-a1286505-890e-47ce-85d5-090b7d75dc80"><testcase classname="backend.tests.test_modules.TestIssues" name="test_list_issues_customer" time="0.557" /><testcase classname="backend.tests.test_modules.TestIssues" name="test_list_issues_filter_by_vehicle" time="0.104" /><testcase classname="backend.tests.test_modules.TestIssues" name="test_list_issues_filter_by_module" time="0.049" /><testcase classname="backend.tests.test_modules.TestIssues" name="test_create_issue_for_owned_vehicle" time="0.049" /><testcase classname="backend.tests.test_modules.TestIssues" name="test_create_issue_for_unowned_vehicle_returns_404" time="0.321" /><testcase classname="backend.tests.test_modules.TestIssues" name="test_patch_issue_customer_own" time="0.049" /><testcase classname="backend.tests.test_modules.TestIssues" name="test_patch_issue_admin_can_update_any" time="0.316" /><testcase classname="backend.tests.test_modules.TestIssues" name="test_patch_issue_other_customer_returns_404" time="0.047" /><testcase classname="backend.tests.test_modules.TestIssues" name="test_delete_issue" time="0.113" /><testcase classname="backend.tests.test_modules.TestMaintenanceTasks" name="test_list_tasks_for_mercedes" time="0.051" /><testcase classname="backend.tests.test_modules.TestMaintenanceTasks" name="test_create_task_for_owned_vehicle" time="0.047" /><testcase classname="backend.tests.test_modules.TestMaintenanceTasks" name="test_create_task_for_unowned_vehicle_returns_404" time="0.046" /><testcase classname="backend.tests.test_modules.TestModuleAggregate" name="test_get_module_for_each_key[engine]" time="0.050" /><testcase classname="backend.tests.test_modules.TestModuleAggregate" name="test_get_module_for_each_key[turbo]" time="0.051" /><testcase classname="backend.tests.test_modules.TestModuleAggregate" name="test_get_module_for_each_key[transmission]" time="0.048" /><testcase classname="backend.tests.test_modules.TestModuleAggregate" name="test_get_module_for_each_key[brake]" time="0.048" /><testcase classname="backend.tests.test_modules.TestModuleAggregate" name="test_get_module_for_each_key[electrical]" time="0.049" /><testcase classname="backend.tests.test_modules.TestModuleAggregate" name="test_get_module_for_each_key[periodic]" time="0.049" /><testcase classname="backend.tests.test_modules.TestModuleAggregate" name="test_invalid_module_returns_400" time="0.046" /><testcase classname="backend.tests.test_modules.TestModuleAggregate" name="test_module_for_unowned_vehicle_returns_404" time="0.049" /><testcase classname="backend.tests.test_modules.TestModuleAggregate" name="test_engine_module_has_3plus_issues" time="0.053" /><testcase classname="backend.tests.test_modules.TestModuleAggregate" name="test_turbo_module_has_issues_records_and_recurring" time="0.052" /><testcase classname="backend.tests.test_modules.TestModuleAggregate" name="test_brake_module_has_3plus_issues_and_record" time="0.051" /><testcase classname="backend.tests.test_modules.TestModuleAggregate" name="test_periodic_module_has_maintenance_with_fields" time="0.048" /><testcase classname="backend.tests.test_modules.TestModuleAIAnalyze" name="test_module_analyze_turbo_returns_analysis" time="0.270"><failure message="AssertionError: {&quot;detail&quot;:&quot;AI analizi başarısız: Failed to generate chat completion: litellm.BadRequestError: OpenAIException - Budget has been exceeded! Current cost: 0.40164000000000005, Max budget: 0.4&quot;}&#10;assert 500 == 200&#10; +  where 500 = &lt;Response [500]&gt;.status_code">E   AssertionError: {"detail":"AI analizi başarısız: Failed to generate chat completion: litellm.BadRequestError: OpenAIException - Budget has been exceeded! Current cost: 0.40164000000000005, Max budget: 0.4"}
    assert 500 == 200
     +  where 500 = &lt;Response [500]&gt;.status_code</failure></testcase><testcase classname="backend.tests.test_modules.TestModuleAIAnalyze" name="test_module_analyze_empty_module_returns_400" time="0.146" /><testcase classname="backend.tests.test_modules.TestModuleAIAnalyze" name="test_module_analyze_invalid_module_returns_400" time="0.055" /><testcase classname="backend.tests.test_modules.TestModuleAIAnalyze" name="test_module_analyze_unowned_vehicle_returns_404" time="0.046" /></testsuite></testsuites>